<?xml version="1.0" encoding="UTF-8"?>
<!-- Generated by org.testng.reporters.JUnitReportReporter -->
<testsuite skipped="0" hostname="wangmengleideMacBook-Pro.local" name="parameter.ParameterTest" tests="1" failures="0" timestamp="29 八月 2018 07:22:39 GMT" time="0.011" errors="0">
  <testcase name="paramTest1" time="0.011" classname="parameter.ParameterTest"/>
</testsuite> <!-- parameter.ParameterTest -->
