<?xml version="1.0" encoding="UTF-8"?>
<!-- Generated by org.testng.reporters.JUnitReportReporter -->
<testsuite skipped="0" hostname="wangmengleideMacBook-Pro.local" name="parameter.TestDataProvider2" tests="1" failures="0" timestamp="29 八月 2018 07:23:07 GMT" time="0.011" errors="0">
  <testcase name="testConnection" time="0.011" classname="parameter.TestDataProvider2"/>
</testsuite> <!-- parameter.TestDataProvider2 -->
