<?xml version="1.0" encoding="UTF-8"?>
<!-- Generated by org.testng.reporters.JUnitReportReporter -->
<testsuite skipped="0" hostname="wangmengleideMacBook-Pro.local" name="groups.GroupOnClass1" tests="2" failures="0" timestamp="29 八月 2018 07:04:31 GMT" time="0.009" errors="0">
  <testcase name="stu1" time="0.008" classname="groups.GroupOnClass1"/>
  <testcase name="stu2" time="0.001" classname="groups.GroupOnClass1"/>
</testsuite> <!-- groups.GroupOnClass1 -->
