<?xml version="1.0" encoding="UTF-8"?>
<!-- Generated by org.testng.reporters.JUnitReportReporter -->
<testsuite skipped="0" hostname="wangmengleideMacBook-Pro.local" name="com.job.app.circle.deleteFeed" tests="1" failures="0" timestamp="30 八月 2018 11:25:06 GMT" time="0.816" errors="0">
  <testcase name="test1" time="0.816" classname="com.job.app.circle.deleteFeed"/>
</testsuite> <!-- com.job.app.circle.deleteFeed -->
