<?xml version="1.0" encoding="UTF-8"?>
<!-- Generated by org.testng.reporters.JUnitReportReporter -->
<testsuite skipped="0" hostname="wangmengleideMacBook-Pro.local" name="com.job.app.circle.addAdmire" tests="3" failures="0" timestamp="30 八月 2018 10:16:36 GMT" time="0.594" errors="0">
  <testcase name="test1" time="0.028" classname="com.job.app.circle.addAdmire"/>
  <testcase name="test1" time="0.032" classname="com.job.app.circle.addAdmire"/>
  <testcase name="test1" time="0.534" classname="com.job.app.circle.addAdmire"/>
</testsuite> <!-- com.job.app.circle.addAdmire -->
