<?xml version="1.0" encoding="UTF-8"?>
<!-- Generated by org.testng.reporters.JUnitReportReporter -->
<testsuite skipped="0" hostname="wangmengleideMacBook-Pro.local" name="suite.PayTest" tests="1" failures="0" timestamp="20 八月 2018 07:17:31 GMT" time="0.001" errors="0">
  <testcase name="pay" time="0.001" classname="suite.PayTest"/>
</testsuite> <!-- suite.PayTest -->
