<?xml version="1.0" encoding="UTF-8"?>
<!-- Generated by org.testng.reporters.JUnitReportReporter -->
<testsuite skipped="0" hostname="wangmengleideMacBook-Pro.local" name="com.job.app.circle.getTopic" tests="2" failures="0" timestamp="30 八月 2018 08:09:59 GMT" time="0.721" errors="0">
  <testcase name="test1" time="0.675" classname="com.job.app.circle.getTopic"/>
  <testcase name="test1" time="0.046" classname="com.job.app.circle.getTopic"/>
</testsuite> <!-- com.job.app.circle.getTopic -->
