<?xml version="1.0" encoding="UTF-8"?>
<!-- Generated by org.testng.reporters.JUnitReportReporter -->
<testsuite skipped="0" hostname="wangmengleideMacBook-Pro.local" name="com.job.app.circle.getFeedByChannel" tests="2" failures="0" timestamp="30 八月 2018 07:15:06 GMT" time="0.872" errors="0">
  <testcase name="test1" time="0.066" classname="com.job.app.circle.getFeedByChannel"/>
  <testcase name="test1" time="0.806" classname="com.job.app.circle.getFeedByChannel"/>
</testsuite> <!-- com.job.app.circle.getFeedByChannel -->
