<?xml version="1.0" encoding="UTF-8"?>
<!-- Generated by org.testng.reporters.JUnitReportReporter -->
<testsuite skipped="0" hostname="wangmengleideMacBook-Pro.local" name="com.job.app.circle.getGlobalFeedList" tests="1" failures="0" timestamp="30 八月 2018 06:06:27 GMT" time="1.476" errors="0">
  <testcase name="test1" time="1.476" classname="com.job.app.circle.getGlobalFeedList"/>
</testsuite> <!-- com.job.app.circle.getGlobalFeedList -->
