<?xml version="1.0" encoding="UTF-8"?>
<!-- Generated by org.testng.reporters.JUnitReportReporter -->
<testsuite skipped="0" hostname="wangmengleideMacBook-Pro.local" name="groups.GroupOnMethod" tests="5" failures="0" timestamp="20 八月 2018 09:58:46 GMT" time="0.020" errors="0">
  <testcase name="testConnectMsSQL" time="0.005" classname="groups.GroupOnMethod"/>
  <testcase name="testConnectOracle" time="0.004" classname="groups.GroupOnMethod"/>
  <testcase name="runSelenium1" time="0.001" classname="groups.GroupOnMethod"/>
  <testcase name="runFinal" time="0.001" classname="groups.GroupOnMethod"/>
  <testcase name="runSelenium" time="0.009" classname="groups.GroupOnMethod"/>
</testsuite> <!-- groups.GroupOnMethod -->
