<?xml version="1.0" encoding="UTF-8"?>
<!-- Generated by org.testng.reporters.JUnitReportReporter -->
<testsuite skipped="0" hostname="wangmengleideMacBook-Pro.local" name="com.job.app.circle.getFeedCommon" tests="3" failures="0" timestamp="30 八月 2018 09:19:51 GMT" time="0.504" errors="0">
  <testcase name="test1" time="0.433" classname="com.job.app.circle.getFeedCommon"/>
  <testcase name="test1" time="0.054" classname="com.job.app.circle.getFeedCommon"/>
  <testcase name="test1" time="0.017" classname="com.job.app.circle.getFeedCommon"/>
</testsuite> <!-- com.job.app.circle.getFeedCommon -->
