<?xml version="1.0" encoding="UTF-8"?>
<!-- Generated by org.testng.reporters.JUnitReportReporter -->
<testsuite skipped="0" hostname="wangmengleideMacBook-Pro.local" name="com.job.app.circle.submitFeed" tests="8" failures="0" timestamp="30 八月 2018 11:08:44 GMT" time="1.209" errors="0">
  <testcase name="test1" time="0.033" classname="com.job.app.circle.submitFeed"/>
  <testcase name="test1" time="0.073" classname="com.job.app.circle.submitFeed"/>
  <testcase name="test1" time="0.099" classname="com.job.app.circle.submitFeed"/>
  <testcase name="test1" time="0.073" classname="com.job.app.circle.submitFeed"/>
  <testcase name="test1" time="0.051" classname="com.job.app.circle.submitFeed"/>
  <testcase name="test1" time="0.052" classname="com.job.app.circle.submitFeed"/>
  <testcase name="test1" time="0.734" classname="com.job.app.circle.submitFeed"/>
  <testcase name="test1" time="0.094" classname="com.job.app.circle.submitFeed"/>
</testsuite> <!-- com.job.app.circle.submitFeed -->
