<?xml version="1.0" encoding="UTF-8"?>
<!-- Generated by org.testng.reporters.JUnitReportReporter -->
<testsuite skipped="0" hostname="wangmengleideMacBook-Pro.local" name="com.job.app.circle.getLocalFeedList" tests="3" failures="0" timestamp="30 八月 2018 06:49:00 GMT" time="1.130" errors="0">
  <testcase name="test1" time="0.316" classname="com.job.app.circle.getLocalFeedList"/>
  <testcase name="test1" time="0.048" classname="com.job.app.circle.getLocalFeedList"/>
  <testcase name="test1" time="0.766" classname="com.job.app.circle.getLocalFeedList"/>
</testsuite> <!-- com.job.app.circle.getLocalFeedList -->
