<?xml version="1.0" encoding="UTF-8"?>
<!-- Generated by org.testng.reporters.JUnitReportReporter -->
<testsuite skipped="0" hostname="wangmengleideMacBook-Pro.local" name="multiThread.MultiThreadOnXml" tests="4" failures="0" timestamp="20 八月 2018 14:23:14 GMT" time="0.022" errors="0">
  <testcase name="Test4" time="0.001" classname="multiThread.MultiThreadOnXml"/>
  <testcase name="Test2" time="0.010" classname="multiThread.MultiThreadOnXml"/>
  <testcase name="Test1" time="0.010" classname="multiThread.MultiThreadOnXml"/>
  <testcase name="Test3" time="0.001" classname="multiThread.MultiThreadOnXml"/>
</testsuite> <!-- multiThread.MultiThreadOnXml -->
