<?xml version="1.0" encoding="UTF-8"?>
<!-- Generated by org.testng.reporters.JUnitReportReporter -->
<testsuite skipped="0" hostname="wangmengleideMacBook-Pro.local" name="com.job.app.circle.getNewMessageCount" tests="3" failures="0" timestamp="30 八月 2018 09:33:49 GMT" time="0.504" errors="0">
  <testcase name="test1" time="0.031" classname="com.job.app.circle.getNewMessageCount"/>
  <testcase name="test1" time="0.022" classname="com.job.app.circle.getNewMessageCount"/>
  <testcase name="test1" time="0.451" classname="com.job.app.circle.getNewMessageCount"/>
</testsuite> <!-- com.job.app.circle.getNewMessageCount -->
