<?xml version="1.0" encoding="UTF-8"?>
<!-- Generated by org.testng.reporters.JUnitReportReporter -->
<testsuite skipped="0" hostname="wangmengleideMacBook-Pro.local" name="parameter.TestDataProvider" tests="3" failures="0" timestamp="29 八月 2018 06:58:28 GMT" time="0.010" errors="0">
  <testcase name="dpTest" time="0.002" classname="parameter.TestDataProvider"/>
  <testcase name="dpTest" time="0.001" classname="parameter.TestDataProvider"/>
  <testcase name="dpTest" time="0.007" classname="parameter.TestDataProvider"/>
</testsuite> <!-- parameter.TestDataProvider -->
