<?xml version="1.0" encoding="UTF-8"?>
<!-- Generated by org.testng.reporters.JUnitReportReporter -->
<testsuite skipped="0" hostname="wangmengleideMacBook-Pro.local" name="groups.GroupOnClass3" tests="2" failures="0" timestamp="20 八月 2018 08:46:50 GMT" time="0.002" errors="0">
  <testcase name="teacher2" time="0.001" classname="groups.GroupOnClass3"/>
  <testcase name="teacher1" time="0.001" classname="groups.GroupOnClass3"/>
</testsuite> <!-- groups.GroupOnClass3 -->
