<?xml version="1.0" encoding="UTF-8"?>
<!-- Generated by org.testng.reporters.JUnitReportReporter -->
<testsuite skipped="0" hostname="wangmengleideMacBook-Pro.local" name="com.job.app.circle.getUserHomePage" tests="3" failures="0" timestamp="30 八月 2018 08:26:11 GMT" time="0.867" errors="0">
  <testcase name="test1" time="0.628" classname="com.job.app.circle.getUserHomePage"/>
  <testcase name="test1" time="0.216" classname="com.job.app.circle.getUserHomePage"/>
  <testcase name="test1" time="0.023" classname="com.job.app.circle.getUserHomePage"/>
</testsuite> <!-- com.job.app.circle.getUserHomePage -->
