<?xml version="1.0" encoding="UTF-8"?>
<!-- Generated by org.testng.reporters.JUnitReportReporter -->
<testsuite skipped="0" hostname="wangmengleideMacBook-Pro.local" name="multiThread.MultiThreadOnAnnotion" tests="10" failures="0" timestamp="20 八月 2018 14:11:34 GMT" time="0.044" errors="0">
  <testcase name="Test1" time="0.002" classname="multiThread.MultiThreadOnAnnotion"/>
  <testcase name="Test1" time="0.001" classname="multiThread.MultiThreadOnAnnotion"/>
  <testcase name="Test1" time="0.004" classname="multiThread.MultiThreadOnAnnotion"/>
  <testcase name="Test1" time="0.001" classname="multiThread.MultiThreadOnAnnotion"/>
  <testcase name="Test1" time="0.001" classname="multiThread.MultiThreadOnAnnotion"/>
  <testcase name="Test1" time="0.011" classname="multiThread.MultiThreadOnAnnotion"/>
  <testcase name="Test1" time="0.011" classname="multiThread.MultiThreadOnAnnotion"/>
  <testcase name="Test1" time="0.001" classname="multiThread.MultiThreadOnAnnotion"/>
  <testcase name="Test1" time="0.011" classname="multiThread.MultiThreadOnAnnotion"/>
  <testcase name="Test1" time="0.001" classname="multiThread.MultiThreadOnAnnotion"/>
</testsuite> <!-- multiThread.MultiThreadOnAnnotion -->
