<?xml version="1.0" encoding="UTF-8"?>
<!-- Generated by org.testng.reporters.JUnitReportReporter -->
<testsuite skipped="0" hostname="wangmengleideMacBook-Pro.local" name="groups.GroupOnClass2" tests="2" failures="0" timestamp="20 八月 2018 08:46:50 GMT" time="0.003" errors="0">
  <testcase name="stu1" time="0.002" classname="groups.GroupOnClass2"/>
  <testcase name="stu2" time="0.001" classname="groups.GroupOnClass2"/>
</testsuite> <!-- groups.GroupOnClass2 -->
