<?xml version="1.0" encoding="UTF-8"?>
<!-- Generated by org.testng.reporters.JUnitReportReporter -->
<testsuite skipped="1" hostname="wangmengleideMacBook-Pro.local" name="com.course.chapter5.BasicAnnotion" tests="3" failures="0" timestamp="29 八月 2018 06:56:52 GMT" time="0.008" errors="0">
  <testcase name="Test3" time="0.002" classname="com.course.chapter5.BasicAnnotion"/>
  <testcase name="Test1" time="0.006" classname="com.course.chapter5.BasicAnnotion"/>
  <testcase name="Test2" classname="com.course.chapter5.BasicAnnotion">
    <skipped/>
  </testcase> <!-- Test2 -->
</testsuite> <!-- com.course.chapter5.BasicAnnotion -->
