<?xml version="1.0" encoding="UTF-8"?>
<!-- Generated by org.testng.reporters.JUnitReportReporter -->
<testsuite skipped="0" hostname="wangmengleideMacBook-Pro.local" name="com.job.app.circle.getFeedDetail" tests="3" failures="0" timestamp="30 八月 2018 08:48:59 GMT" time="0.492" errors="0">
  <testcase name="test1" time="0.456" classname="com.job.app.circle.getFeedDetail"/>
  <testcase name="test1" time="0.018" classname="com.job.app.circle.getFeedDetail"/>
  <testcase name="test1" time="0.018" classname="com.job.app.circle.getFeedDetail"/>
</testsuite> <!-- com.job.app.circle.getFeedDetail -->
