<?xml version="1.0" encoding="UTF-8"?>
<!-- Generated by org.testng.reporters.JUnitReportReporter -->
<testsuite skipped="0" hostname="wangmengleideMacBook-Pro.local" name="parameter.TestMethodDataProvider" tests="6" failures="0" timestamp="29 八月 2018 06:59:14 GMT" time="0.015" errors="0">
  <testcase name="dpTest2" time="0.001" classname="parameter.TestMethodDataProvider"/>
  <testcase name="dpTest2" time="0.002" classname="parameter.TestMethodDataProvider"/>
  <testcase name="dpTest1" time="0.002" classname="parameter.TestMethodDataProvider"/>
  <testcase name="dpTest2" time="0.001" classname="parameter.TestMethodDataProvider"/>
  <testcase name="dpTest1" time="0.002" classname="parameter.TestMethodDataProvider"/>
  <testcase name="dpTest1" time="0.007" classname="parameter.TestMethodDataProvider"/>
</testsuite> <!-- parameter.TestMethodDataProvider -->
