<?xml version="1.0" encoding="UTF-8"?>
<!-- Generated by org.testng.reporters.JUnitReportReporter -->
<testsuite skipped="0" hostname="wangmengleideMacBook-Pro.local" name="httpclientTest.get1" tests="1" failures="0" timestamp="27 八月 2018 15:16:02 GMT" time="0.449" errors="0">
  <testcase name="get1" time="0.449" classname="httpclientTest.get1"/>
</testsuite> <!-- httpclientTest.get1 -->
