<?xml version="1.0" encoding="UTF-8"?>
<!-- Generated by org.testng.reporters.JUnitReportReporter -->
<testsuite skipped="0" hostname="wangmengleideMacBook-Pro.local" name="com.job.app.news.FlowListTest" tests="1" failures="0" timestamp="27 八月 2018 15:07:57 GMT" time="1.535" errors="0">
  <testcase name="loginTest" time="1.535" classname="com.job.app.news.FlowListTest"/>
</testsuite> <!-- com.job.app.news.FlowListTest -->
