<?xml version="1.0" encoding="UTF-8"?>
<!-- Generated by org.testng.reporters.JUnitReportReporter -->
<testsuite skipped="0" hostname="wangmengleideMacBook-Pro.local" name="mypackage1.login" tests="1" failures="0" timestamp="20 八月 2018 04:39:35 GMT" time="0.007" errors="0">
  <testcase name="login" time="0.007" classname="mypackage1.login"/>
</testsuite> <!-- mypackage1.login -->
