<?xml version="1.0" encoding="UTF-8"?>
<!-- Generated by org.testng.reporters.JUnitReportReporter -->
<testsuite skipped="0" hostname="wangmengleideMacBook-Pro.local" name="suite.LoginTest" tests="1" failures="0" timestamp="29 八月 2018 07:11:20 GMT" time="0.021" errors="0">
  <testcase name="login" time="0.021" classname="suite.LoginTest"/>
</testsuite> <!-- suite.LoginTest -->
